{"message":"mismatched types","code":{"code":"E0308","explanation":"Expected type did not match the received type.\n\nErroneous code examples:\n\n```compile_fail,E0308\nfn plus_one(x: i32) -> i32 {\n    x + 1\n}\n\nplus_one(\"Not a number\");\n//       ^^^^^^^^^^^^^^ expected `i32`, found `&str`\n\nif \"Not a bool\" {\n// ^^^^^^^^^^^^ expected `bool`, found `&str`\n}\n\nlet x: f32 = \"Not a float\";\n//     ---   ^^^^^^^^^^^^^ expected `f32`, found `&str`\n//     |\n//     expected due to this\n```\n\nThis error occurs when an expression was used in a place where the compiler\nexpected an expression of a different type. It can occur in several cases, the\nmost common being when calling a function and passing an argument which has a\ndifferent type than the matching type in the function declaration.\n"},"level":"error","spans":[{"file_name":"src\\one\\day_one.rs","byte_start":422,"byte_end":433,"line_start":17,"line_end":17,"column_start":19,"column_end":30,"is_primary":true,"text":[{"text":"        nums.push(nums.get(0));","highlight_start":19,"highlight_end":30}],"label":"expected `char`, found enum `Option`","suggested_replacement":null,"suggestion_applicability":null,"expansion":null}],"children":[{"message":"expected type `char`\n   found enum `Option<&char>`","code":null,"level":"note","spans":[],"children":[],"rendered":null}],"rendered":"\u001b[0m\u001b[1m\u001b[38;5;9merror[E0308]\u001b[0m\u001b[0m\u001b[1m\u001b[38;5;15m: mismatched types\u001b[0m\n\u001b[0m  \u001b[0m\u001b[0m\u001b[1m\u001b[38;5;14m--> \u001b[0m\u001b[0msrc\\one\\day_one.rs:17:19\u001b[0m\n\u001b[0m   \u001b[0m\u001b[0m\u001b[1m\u001b[38;5;14m|\u001b[0m\n\u001b[0m\u001b[1m\u001b[38;5;14m17\u001b[0m\u001b[0m \u001b[0m\u001b[0m\u001b[1m\u001b[38;5;14m| \u001b[0m\u001b[0m        nums.push(nums.get(0));\u001b[0m\n\u001b[0m   \u001b[0m\u001b[0m\u001b[1m\u001b[38;5;14m| \u001b[0m\u001b[0m                  \u001b[0m\u001b[0m\u001b[1m\u001b[38;5;9m^^^^^^^^^^^\u001b[0m\u001b[0m \u001b[0m\u001b[0m\u001b[1m\u001b[38;5;9mexpected `char`, found enum `Option`\u001b[0m\n\u001b[0m   \u001b[0m\u001b[0m\u001b[1m\u001b[38;5;14m|\u001b[0m\n\u001b[0m   \u001b[0m\u001b[0m\u001b[1m\u001b[38;5;14m= \u001b[0m\u001b[0m\u001b[1m\u001b[38;5;15mnote\u001b[0m\u001b[0m: expected type `\u001b[0m\u001b[0m\u001b[1mchar\u001b[0m\u001b[0m`\u001b[0m\n\u001b[0m              found enum `\u001b[0m\u001b[0m\u001b[1mOption<&char>\u001b[0m\u001b[0m`\u001b[0m\n\n"}
{"message":"mismatched types","code":{"code":"E0308","explanation":"Expected type did not match the received type.\n\nErroneous code examples:\n\n```compile_fail,E0308\nfn plus_one(x: i32) -> i32 {\n    x + 1\n}\n\nplus_one(\"Not a number\");\n//       ^^^^^^^^^^^^^^ expected `i32`, found `&str`\n\nif \"Not a bool\" {\n// ^^^^^^^^^^^^ expected `bool`, found `&str`\n}\n\nlet x: f32 = \"Not a float\";\n//     ---   ^^^^^^^^^^^^^ expected `f32`, found `&str`\n//     |\n//     expected due to this\n```\n\nThis error occurs when an expression was used in a place where the compiler\nexpected an expression of a different type. It can occur in several cases, the\nmost common being when calling a function and passing an argument which has a\ndifferent type than the matching type in the function declaration.\n"},"level":"error","spans":[{"file_name":"src\\one\\day_one.rs","byte_start":483,"byte_end":487,"line_start":21,"line_end":21,"column_start":17,"column_end":21,"is_primary":true,"text":[{"text":"    return Some(nums);","highlight_start":17,"highlight_end":21}],"label":"expected `i32`, found struct `Vec`","suggested_replacement":null,"suggestion_applicability":null,"expansion":null}],"children":[{"message":"expected type `i32`\n found struct `Vec<char>`","code":null,"level":"note","spans":[],"children":[],"rendered":null}],"rendered":"\u001b[0m\u001b[1m\u001b[38;5;9merror[E0308]\u001b[0m\u001b[0m\u001b[1m\u001b[38;5;15m: mismatched types\u001b[0m\n\u001b[0m  \u001b[0m\u001b[0m\u001b[1m\u001b[38;5;14m--> \u001b[0m\u001b[0msrc\\one\\day_one.rs:21:17\u001b[0m\n\u001b[0m   \u001b[0m\u001b[0m\u001b[1m\u001b[38;5;14m|\u001b[0m\n\u001b[0m\u001b[1m\u001b[38;5;14m21\u001b[0m\u001b[0m \u001b[0m\u001b[0m\u001b[1m\u001b[38;5;14m| \u001b[0m\u001b[0m    return Some(nums);\u001b[0m\n\u001b[0m   \u001b[0m\u001b[0m\u001b[1m\u001b[38;5;14m| \u001b[0m\u001b[0m                \u001b[0m\u001b[0m\u001b[1m\u001b[38;5;9m^^^^\u001b[0m\u001b[0m \u001b[0m\u001b[0m\u001b[1m\u001b[38;5;9mexpected `i32`, found struct `Vec`\u001b[0m\n\u001b[0m   \u001b[0m\u001b[0m\u001b[1m\u001b[38;5;14m|\u001b[0m\n\u001b[0m   \u001b[0m\u001b[0m\u001b[1m\u001b[38;5;14m= \u001b[0m\u001b[0m\u001b[1m\u001b[38;5;15mnote\u001b[0m\u001b[0m: expected type `\u001b[0m\u001b[0m\u001b[1mi32\u001b[0m\u001b[0m`\u001b[0m\n\u001b[0m            found struct `\u001b[0m\u001b[0m\u001b[1mVec<char>\u001b[0m\u001b[0m`\u001b[0m\n\n"}
{"message":"aborting due to 2 previous errors","code":null,"level":"error","spans":[],"children":[],"rendered":"\u001b[0m\u001b[1m\u001b[38;5;9merror\u001b[0m\u001b[0m\u001b[1m\u001b[38;5;15m: aborting due to 2 previous errors\u001b[0m\n\n"}
{"message":"For more information about this error, try `rustc --explain E0308`.","code":null,"level":"failure-note","spans":[],"children":[],"rendered":"\u001b[0m\u001b[1m\u001b[38;5;15mFor more information about this error, try `rustc --explain E0308`.\u001b[0m\n"}
